<?xml version="1.0" encoding="UTF-8"?>
<!-- Generated by org.testng.reporters.JUnitXMLReporter -->
<testsuite ignored="3" hostname="GopalS" failures="2" tests="10" name="Pega Demo - Automation Test" time="381.543" errors="0" timestamp="2022-08-23T15:53:25 IST">
  <testcase classname="com.maantic.automation.tests.LoginTest" name="TC_01_VerifyLoginPageTitle" time="0.158"/>
  <testcase classname="com.maantic.automation.tests.LoginTest" name="TC_02_VerifyLoggedInSuccessfully" time="12.042"/>
  <testcase classname="com.maantic.automation.tests.DashboardTest" name="TC_01_VerifyDashboardPageTitle" time="13.894"/>
  <testcase classname="com.maantic.automation.tests.DashboardTest" name="TC_02_VerifyLoggedInUserName" time="5.512"/>
  <testcase classname="com.maantic.automation.tests.CreateContactTest" name="TC_01_VerifyIsNewContactPageDisplayed" time="26.915">
    <skipped/>
  </testcase> <!-- TC_01_VerifyIsNewContactPageDisplayed -->
  <testcase classname="com.maantic.automation.tests.CreateContactTest" name="TC_01_VerifyIsNewContactPageDisplayed" time="30.343">
    <failure type="java.lang.AssertionError" message="expected [true] but found [false]">
      <![CDATA[java.lang.AssertionError: expected [true] but found [false]
at com.maantic.automation.tests.CreateContactTest.TC_01_VerifyIsNewContactPageDisplayed(CreateContactTest.java:43)
at java.base/java.util.ArrayList.forEach(ArrayList.java:1511)
... Removed 32 stack frames]]>
    </failure>
  </testcase> <!-- TC_01_VerifyIsNewContactPageDisplayed -->
  <testcase classname="com.maantic.automation.tests.CreateContactTest" name="TC_02_CreateNewContactSuccessfully" time="46.217"/>
  <testcase classname="com.maantic.automation.tests.CreateContactTest" name="TC_02_CreateNewContactSuccessfully" time="76.524">
    <skipped/>
  </testcase> <!-- TC_02_CreateNewContactSuccessfully -->
  <testcase classname="com.maantic.automation.tests.CreateContactTest" name="TC_02_CreateNewContactSuccessfully" time="75.299">
    <failure type="org.openqa.selenium.TimeoutException" message="Expected condition failed: waiting for visibility of element located by By.xpath: //span[contains(text(),&amp;apos;gopal.sutradhar@maantic.com&amp;apos;)] (tried for 30 second(s) with 500 milliseconds interval)
Build info: version: &amp;apos;4.0.0&amp;apos;, revision: &amp;apos;3a21814679&amp;apos;
System info: host: &amp;apos;GOPALS&amp;apos;, ip: &amp;apos;192.168.0.104&amp;apos;, os.name: &amp;apos;Windows 10&amp;apos;, os.arch: &amp;apos;amd64&amp;apos;, os.version: &amp;apos;10.0&amp;apos;, java.version: &amp;apos;18.0.1&amp;apos;
Driver info: org.openqa.selenium.chrome.ChromeDriver
Capabilities {acceptInsecureCerts: false, browserName: chrome, browserVersion: 104.0.5112.101, chrome: {chromedriverVersion: 104.0.5112.79 (3cf3e8c8a07d..., userDataDir: C:\Users\User\AppData\Local...}, goog:chromeOptions: {debuggerAddress: localhost:57738}, javascriptEnabled: true, networkConnectionEnabled: false, pageLoadStrategy: normal, platform: WINDOWS, platformName: WINDOWS, proxy: Proxy(), se:cdp: ws://localhost:57738/devtoo..., se:cdpVersion: 104.0.5112.101, setWindowRect: true, strictFileInteractability: false, timeouts: {implicit: 0, pageLoad: 300000, script: 30000}, unhandledPromptBehavior: dismiss and notify, webauthn:extension:credBlob: true, webauthn:extension:largeBlob: true, webauthn:virtualAuthenticators: true}
Session ID: 20e1f6dffb1b1bac28dbc93b610eafb2">
      <![CDATA[org.openqa.selenium.TimeoutException: Expected condition failed: waiting for visibility of element located by By.xpath: //span[contains(text(),'gopal.sutradhar@maantic.com')] (tried for 30 second(s) with 500 milliseconds interval)
Build info: version: '4.0.0', revision: '3a21814679'
System info: host: 'GOPALS', ip: '192.168.0.104', os.name: 'Windows 10', os.arch: 'amd64', os.version: '10.0', java.version: '18.0.1'
Driver info: org.openqa.selenium.chrome.ChromeDriver
Capabilities {acceptInsecureCerts: false, browserName: chrome, browserVersion: 104.0.5112.101, chrome: {chromedriverVersion: 104.0.5112.79 (3cf3e8c8a07d..., userDataDir: C:\Users\User\AppData\Local...}, goog:chromeOptions: {debuggerAddress: localhost:57738}, javascriptEnabled: true, networkConnectionEnabled: false, pageLoadStrategy: normal, platform: WINDOWS, platformName: WINDOWS, proxy: Proxy(), se:cdp: ws://localhost:57738/devtoo..., se:cdpVersion: 104.0.5112.101, setWindowRect: true, strictFileInteractability: false, timeouts: {implicit: 0, pageLoad: 300000, script: 30000}, unhandledPromptBehavior: dismiss and notify, webauthn:extension:credBlob: true, webauthn:extension:largeBlob: true, webauthn:virtualAuthenticators: true}
Session ID: 20e1f6dffb1b1bac28dbc93b610eafb2
at org.openqa.selenium.support.ui.WebDriverWait.timeoutException(WebDriverWait.java:138)
at org.openqa.selenium.support.ui.FluentWait.until(FluentWait.java:231)
at com.maantic.automation.utils.CommonUtils.waitForVisibilityOfElement(CommonUtils.java:87)
at com.maantic.automation.pages.ContactPage.isNewContactCreatedSuccessfully(ContactPage.java:38)
at com.maantic.automation.tests.CreateContactTest.TC_02_CreateNewContactSuccessfully(CreateContactTest.java:72)
at java.base/java.util.ArrayList.forEach(ArrayList.java:1511)
... Removed 28 stack frames]]>
    </failure>
  </testcase> <!-- TC_02_CreateNewContactSuccessfully -->
  <testcase classname="com.maantic.automation.tests.SearchContactTest" name="TC_01_VerifySearchingNewlyCreatedContact" time="29.032"/>
  <testcase classname="com.maantic.automation.base.BasePage" name="@BeforeSuite getEnvironment" time="0.0">
    <ignored/>
  </testcase> <!-- @BeforeSuite getEnvironment -->
  <testcase classname="com.maantic.automation.base.BasePage" name="@BeforeSuite getEnvironment" time="0.0">
    <ignored/>
  </testcase> <!-- @BeforeSuite getEnvironment -->
  <testcase classname="com.maantic.automation.base.BasePage" name="@BeforeSuite getEnvironment" time="0.0">
    <ignored/>
  </testcase> <!-- @BeforeSuite getEnvironment -->
</testsuite> <!-- Pega Demo - Automation Test -->
