<?xml version="1.0" encoding="UTF-8"?>
<testng-results retried="2" ignored="3" total="13" passed="6" failed="2" skipped="0">
  <reporter-output>
  </reporter-output>
  <suite started-at="2022-08-23T15:47:03 IST" name="Pega Demo - Automation" finished-at="2022-08-23T15:53:25 IST" duration-ms="381543">
    <groups>
    </groups>
    <test started-at="2022-08-23T15:47:03 IST" name="Pega Demo - Automation Test" finished-at="2022-08-23T15:53:25 IST" duration-ms="381543">
      <class name="com.maantic.automation.tests.SearchContactTest">
        <test-method is-config="true" signature="initializeDriver(java.lang.String)[pri:0, instance:com.maantic.automation.tests.SearchContactTest@7112ce6]" started-at="2022-08-23T15:52:50 IST" name="initializeDriver" finished-at="2022-08-23T15:52:55 IST" duration-ms="4993" status="PASS">
          <params>
            <param index="0">
              <value>
                <![CDATA[chrome]]>
              </value>
            </param>
          </params>
          <reporter-output>
          </reporter-output>
        </test-method> <!-- initializeDriver -->
        <test-method signature="TC_01_VerifySearchingNewlyCreatedContact()[pri:1, instance:com.maantic.automation.tests.SearchContactTest@7112ce6]" started-at="2022-08-23T15:52:55 IST" name="TC_01_VerifySearchingNewlyCreatedContact" description="Verifying Searching of new contact." finished-at="2022-08-23T15:53:24 IST" duration-ms="29032" status="PASS">
          <reporter-output>
          </reporter-output>
        </test-method> <!-- TC_01_VerifySearchingNewlyCreatedContact -->
        <test-method is-config="true" signature="closeDriver()[pri:0, instance:com.maantic.automation.tests.SearchContactTest@7112ce6]" started-at="2022-08-23T15:53:24 IST" name="closeDriver" finished-at="2022-08-23T15:53:25 IST" duration-ms="551" status="PASS">
          <reporter-output>
          </reporter-output>
        </test-method> <!-- closeDriver -->
      </class> <!-- com.maantic.automation.tests.SearchContactTest -->
      <class name="com.maantic.automation.tests.LoginTest">
        <test-method is-config="true" signature="getEnvironment(java.lang.String)[pri:0, instance:com.maantic.automation.tests.LoginTest@45658133]" started-at="2022-08-23T15:47:03 IST" name="getEnvironment" finished-at="2022-08-23T15:47:03 IST" duration-ms="192" status="PASS">
          <params>
            <param index="0">
              <value>
                <![CDATA[chrome]]>
              </value>
            </param>
          </params>
          <reporter-output>
          </reporter-output>
        </test-method> <!-- getEnvironment -->
        <test-method is-config="true" signature="initializeDriver(java.lang.String)[pri:0, instance:com.maantic.automation.tests.LoginTest@45658133]" started-at="2022-08-23T15:47:03 IST" name="initializeDriver" finished-at="2022-08-23T15:47:10 IST" duration-ms="6931" status="PASS">
          <params>
            <param index="0">
              <value>
                <![CDATA[chrome]]>
              </value>
            </param>
          </params>
          <reporter-output>
          </reporter-output>
        </test-method> <!-- initializeDriver -->
        <test-method signature="TC_01_VerifyLoginPageTitle()[pri:1, instance:com.maantic.automation.tests.LoginTest@45658133]" started-at="2022-08-23T15:47:10 IST" name="TC_01_VerifyLoginPageTitle" description="Verifying Login Page Title" finished-at="2022-08-23T15:47:10 IST" duration-ms="158" status="PASS">
          <reporter-output>
          </reporter-output>
        </test-method> <!-- TC_01_VerifyLoginPageTitle -->
        <test-method is-config="true" signature="closeDriver()[pri:0, instance:com.maantic.automation.tests.LoginTest@45658133]" started-at="2022-08-23T15:47:10 IST" name="closeDriver" finished-at="2022-08-23T15:47:12 IST" duration-ms="1396" status="PASS">
          <reporter-output>
          </reporter-output>
        </test-method> <!-- closeDriver -->
        <test-method is-config="true" signature="initializeDriver(java.lang.String)[pri:0, instance:com.maantic.automation.tests.LoginTest@45658133]" started-at="2022-08-23T15:47:12 IST" name="initializeDriver" finished-at="2022-08-23T15:47:16 IST" duration-ms="4578" status="PASS">
          <params>
            <param index="0">
              <value>
                <![CDATA[chrome]]>
              </value>
            </param>
          </params>
          <reporter-output>
          </reporter-output>
        </test-method> <!-- initializeDriver -->
        <test-method signature="TC_02_VerifyLoggedInSuccessfully()[pri:2, instance:com.maantic.automation.tests.LoginTest@45658133]" started-at="2022-08-23T15:47:16 IST" name="TC_02_VerifyLoggedInSuccessfully" description="Verifying Valid Login" finished-at="2022-08-23T15:47:29 IST" duration-ms="12042" status="PASS">
          <reporter-output>
          </reporter-output>
        </test-method> <!-- TC_02_VerifyLoggedInSuccessfully -->
        <test-method is-config="true" signature="closeDriver()[pri:0, instance:com.maantic.automation.tests.LoginTest@45658133]" started-at="2022-08-23T15:47:29 IST" name="closeDriver" finished-at="2022-08-23T15:47:30 IST" duration-ms="1122" status="PASS">
          <reporter-output>
          </reporter-output>
        </test-method> <!-- closeDriver -->
      </class> <!-- com.maantic.automation.tests.LoginTest -->
      <class name="com.maantic.automation.tests.DashboardTest">
        <test-method is-config="true" signature="initializeDriver(java.lang.String)[pri:0, instance:com.maantic.automation.tests.DashboardTest@250a9031]" started-at="2022-08-23T15:47:30 IST" name="initializeDriver" finished-at="2022-08-23T15:47:35 IST" duration-ms="5082" status="PASS">
          <params>
            <param index="0">
              <value>
                <![CDATA[chrome]]>
              </value>
            </param>
          </params>
          <reporter-output>
          </reporter-output>
        </test-method> <!-- initializeDriver -->
        <test-method signature="TC_01_VerifyDashboardPageTitle()[pri:1, instance:com.maantic.automation.tests.DashboardTest@250a9031]" started-at="2022-08-23T15:47:35 IST" name="TC_01_VerifyDashboardPageTitle" description="Verifying Dashboard Page Title" finished-at="2022-08-23T15:47:49 IST" duration-ms="13894" status="PASS">
          <reporter-output>
          </reporter-output>
        </test-method> <!-- TC_01_VerifyDashboardPageTitle -->
        <test-method is-config="true" signature="closeDriver()[pri:0, instance:com.maantic.automation.tests.DashboardTest@250a9031]" started-at="2022-08-23T15:47:49 IST" name="closeDriver" finished-at="2022-08-23T15:47:50 IST" duration-ms="1113" status="PASS">
          <reporter-output>
          </reporter-output>
        </test-method> <!-- closeDriver -->
        <test-method is-config="true" signature="initializeDriver(java.lang.String)[pri:0, instance:com.maantic.automation.tests.DashboardTest@250a9031]" started-at="2022-08-23T15:47:50 IST" name="initializeDriver" finished-at="2022-08-23T15:47:55 IST" duration-ms="5158" status="PASS">
          <params>
            <param index="0">
              <value>
                <![CDATA[chrome]]>
              </value>
            </param>
          </params>
          <reporter-output>
          </reporter-output>
        </test-method> <!-- initializeDriver -->
        <test-method signature="TC_02_VerifyLoggedInUserName()[pri:2, instance:com.maantic.automation.tests.DashboardTest@250a9031]" started-at="2022-08-23T15:47:55 IST" name="TC_02_VerifyLoggedInUserName" description="Verifying LoggedInUserName" finished-at="2022-08-23T15:48:00 IST" duration-ms="5512" status="PASS">
          <reporter-output>
          </reporter-output>
        </test-method> <!-- TC_02_VerifyLoggedInUserName -->
        <test-method is-config="true" signature="closeDriver()[pri:0, instance:com.maantic.automation.tests.DashboardTest@250a9031]" started-at="2022-08-23T15:48:00 IST" name="closeDriver" finished-at="2022-08-23T15:48:02 IST" duration-ms="1153" status="PASS">
          <reporter-output>
          </reporter-output>
        </test-method> <!-- closeDriver -->
      </class> <!-- com.maantic.automation.tests.DashboardTest -->
      <class name="com.maantic.automation.tests.CreateContactTest">
        <test-method is-config="true" signature="initializeDriver(java.lang.String)[pri:0, instance:com.maantic.automation.tests.CreateContactTest@3e1fd62b]" started-at="2022-08-23T15:48:02 IST" name="initializeDriver" finished-at="2022-08-23T15:48:06 IST" duration-ms="4834" status="PASS">
          <params>
            <param index="0">
              <value>
                <![CDATA[chrome]]>
              </value>
            </param>
          </params>
          <reporter-output>
          </reporter-output>
        </test-method> <!-- initializeDriver -->
        <test-method retried="true" signature="TC_01_VerifyIsNewContactPageDisplayed()[pri:1, instance:com.maantic.automation.tests.CreateContactTest@3e1fd62b]" started-at="2022-08-23T15:48:06 IST" name="TC_01_VerifyIsNewContactPageDisplayed" description="Verifying IsNewContactPageDisplayed" finished-at="2022-08-23T15:48:33 IST" duration-ms="26915" status="SKIP">
          <exception class="java.lang.AssertionError">
            <message>
              <![CDATA[expected [true] but found [false]]]>
            </message>
            <full-stacktrace>
              <![CDATA[java.lang.AssertionError: expected [true] but found [false]
at org.testng.Assert.fail(Assert.java:99)
at org.testng.Assert.failNotEquals(Assert.java:1037)
at org.testng.Assert.assertTrue(Assert.java:45)
at org.testng.Assert.assertTrue(Assert.java:55)
at com.maantic.automation.tests.CreateContactTest.TC_01_VerifyIsNewContactPageDisplayed(CreateContactTest.java:43)
at java.base/jdk.internal.reflect.DirectMethodHandleAccessor.invoke(DirectMethodHandleAccessor.java:104)
at java.base/java.lang.reflect.Method.invoke(Method.java:577)
at org.testng.internal.MethodInvocationHelper.invokeMethod(MethodInvocationHelper.java:133)
at org.testng.internal.TestInvoker.invokeMethod(TestInvoker.java:598)
at org.testng.internal.TestInvoker.invokeTestMethod(TestInvoker.java:173)
at org.testng.internal.MethodRunner.runInSequence(MethodRunner.java:46)
at org.testng.internal.TestInvoker$MethodInvocationAgent.invoke(TestInvoker.java:824)
at org.testng.internal.TestInvoker.invokeTestMethods(TestInvoker.java:146)
at org.testng.internal.TestMethodWorker.invokeTestMethods(TestMethodWorker.java:146)
at org.testng.internal.TestMethodWorker.run(TestMethodWorker.java:128)
at java.base/java.util.ArrayList.forEach(ArrayList.java:1511)
at org.testng.TestRunner.privateRun(TestRunner.java:794)
at org.testng.TestRunner.run(TestRunner.java:596)
at org.testng.SuiteRunner.runTest(SuiteRunner.java:377)
at org.testng.SuiteRunner.runSequentially(SuiteRunner.java:371)
at org.testng.SuiteRunner.privateRun(SuiteRunner.java:332)
at org.testng.SuiteRunner.run(SuiteRunner.java:276)
at org.testng.SuiteRunnerWorker.runSuite(SuiteRunnerWorker.java:53)
at org.testng.SuiteRunnerWorker.run(SuiteRunnerWorker.java:96)
at org.testng.TestNG.runSuitesSequentially(TestNG.java:1212)
at org.testng.TestNG.runSuitesLocally(TestNG.java:1134)
at org.testng.TestNG.runSuites(TestNG.java:1063)
at org.testng.TestNG.run(TestNG.java:1031)
at org.apache.maven.surefire.testng.TestNGExecutor.run(TestNGExecutor.java:281)
at org.apache.maven.surefire.testng.TestNGXmlTestSuite.execute(TestNGXmlTestSuite.java:75)
at org.apache.maven.surefire.testng.TestNGProvider.invoke(TestNGProvider.java:121)
at org.apache.maven.surefire.booter.ForkedBooter.invokeProviderInSameClassLoader(ForkedBooter.java:290)
at org.apache.maven.surefire.booter.ForkedBooter.runSuitesInProcess(ForkedBooter.java:242)
at org.apache.maven.surefire.booter.ForkedBooter.main(ForkedBooter.java:121)
]]>
            </full-stacktrace>
          </exception> <!-- java.lang.AssertionError -->
          <reporter-output>
          </reporter-output>
        </test-method> <!-- TC_01_VerifyIsNewContactPageDisplayed -->
        <test-method is-config="true" signature="closeDriver()[pri:0, instance:com.maantic.automation.tests.CreateContactTest@3e1fd62b]" started-at="2022-08-23T15:48:33 IST" name="closeDriver" finished-at="2022-08-23T15:48:35 IST" duration-ms="1356" status="PASS">
          <reporter-output>
          </reporter-output>
        </test-method> <!-- closeDriver -->
        <test-method is-config="true" signature="initializeDriver(java.lang.String)[pri:0, instance:com.maantic.automation.tests.CreateContactTest@3e1fd62b]" started-at="2022-08-23T15:48:35 IST" name="initializeDriver" finished-at="2022-08-23T15:48:41 IST" duration-ms="6647" status="PASS">
          <params>
            <param index="0">
              <value>
                <![CDATA[chrome]]>
              </value>
            </param>
          </params>
          <reporter-output>
          </reporter-output>
        </test-method> <!-- initializeDriver -->
        <test-method signature="TC_01_VerifyIsNewContactPageDisplayed()[pri:1, instance:com.maantic.automation.tests.CreateContactTest@3e1fd62b]" started-at="2022-08-23T15:48:41 IST" name="TC_01_VerifyIsNewContactPageDisplayed" description="Verifying IsNewContactPageDisplayed" finished-at="2022-08-23T15:49:12 IST" duration-ms="30343" status="FAIL">
          <exception class="java.lang.AssertionError">
            <message>
              <![CDATA[expected [true] but found [false]]]>
            </message>
            <full-stacktrace>
              <![CDATA[java.lang.AssertionError: expected [true] but found [false]
at org.testng.Assert.fail(Assert.java:99)
at org.testng.Assert.failNotEquals(Assert.java:1037)
at org.testng.Assert.assertTrue(Assert.java:45)
at org.testng.Assert.assertTrue(Assert.java:55)
at com.maantic.automation.tests.CreateContactTest.TC_01_VerifyIsNewContactPageDisplayed(CreateContactTest.java:43)
at java.base/jdk.internal.reflect.DirectMethodHandleAccessor.invoke(DirectMethodHandleAccessor.java:104)
at java.base/java.lang.reflect.Method.invoke(Method.java:577)
at org.testng.internal.MethodInvocationHelper.invokeMethod(MethodInvocationHelper.java:133)
at org.testng.internal.TestInvoker.invokeMethod(TestInvoker.java:598)
at org.testng.internal.TestInvoker.retryFailed(TestInvoker.java:213)
at org.testng.internal.MethodRunner.runInSequence(MethodRunner.java:58)
at org.testng.internal.TestInvoker$MethodInvocationAgent.invoke(TestInvoker.java:824)
at org.testng.internal.TestInvoker.invokeTestMethods(TestInvoker.java:146)
at org.testng.internal.TestMethodWorker.invokeTestMethods(TestMethodWorker.java:146)
at org.testng.internal.TestMethodWorker.run(TestMethodWorker.java:128)
at java.base/java.util.ArrayList.forEach(ArrayList.java:1511)
at org.testng.TestRunner.privateRun(TestRunner.java:794)
at org.testng.TestRunner.run(TestRunner.java:596)
at org.testng.SuiteRunner.runTest(SuiteRunner.java:377)
at org.testng.SuiteRunner.runSequentially(SuiteRunner.java:371)
at org.testng.SuiteRunner.privateRun(SuiteRunner.java:332)
at org.testng.SuiteRunner.run(SuiteRunner.java:276)
at org.testng.SuiteRunnerWorker.runSuite(SuiteRunnerWorker.java:53)
at org.testng.SuiteRunnerWorker.run(SuiteRunnerWorker.java:96)
at org.testng.TestNG.runSuitesSequentially(TestNG.java:1212)
at org.testng.TestNG.runSuitesLocally(TestNG.java:1134)
at org.testng.TestNG.runSuites(TestNG.java:1063)
at org.testng.TestNG.run(TestNG.java:1031)
at org.apache.maven.surefire.testng.TestNGExecutor.run(TestNGExecutor.java:281)
at org.apache.maven.surefire.testng.TestNGXmlTestSuite.execute(TestNGXmlTestSuite.java:75)
at org.apache.maven.surefire.testng.TestNGProvider.invoke(TestNGProvider.java:121)
at org.apache.maven.surefire.booter.ForkedBooter.invokeProviderInSameClassLoader(ForkedBooter.java:290)
at org.apache.maven.surefire.booter.ForkedBooter.runSuitesInProcess(ForkedBooter.java:242)
at org.apache.maven.surefire.booter.ForkedBooter.main(ForkedBooter.java:121)
]]>
            </full-stacktrace>
          </exception> <!-- java.lang.AssertionError -->
          <reporter-output>
          </reporter-output>
        </test-method> <!-- TC_01_VerifyIsNewContactPageDisplayed -->
        <test-method is-config="true" signature="closeDriver()[pri:0, instance:com.maantic.automation.tests.CreateContactTest@3e1fd62b]" started-at="2022-08-23T15:49:12 IST" name="closeDriver" finished-at="2022-08-23T15:49:13 IST" duration-ms="657" status="PASS">
          <reporter-output>
          </reporter-output>
        </test-method> <!-- closeDriver -->
        <test-method is-config="true" signature="initializeDriver(java.lang.String)[pri:0, instance:com.maantic.automation.tests.CreateContactTest@3e1fd62b]" started-at="2022-08-23T15:49:14 IST" name="initializeDriver" finished-at="2022-08-23T15:49:19 IST" duration-ms="5288" status="PASS">
          <params>
            <param index="0">
              <value>
                <![CDATA[chrome]]>
              </value>
            </param>
          </params>
          <reporter-output>
          </reporter-output>
        </test-method> <!-- initializeDriver -->
        <test-method signature="TC_02_CreateNewContactSuccessfully(java.util.Map)[pri:2, instance:com.maantic.automation.tests.CreateContactTest@3e1fd62b]" started-at="2022-08-23T15:49:19 IST" name="TC_02_CreateNewContactSuccessfully" description="Verifying the contact is created successfully." data-provider="ExcelTestData" finished-at="2022-08-23T15:50:06 IST" duration-ms="46217" status="PASS">
          <params>
            <param index="0">
              <value>
                <![CDATA[{Email=gopal.sutradhar@maantic.com, Prefix=Mr., LastName=Sutradhar_Test, TCName=TC_02_CreateNewContactSuccessfully, FirstName=Gopal_Test}]]>
              </value>
            </param>
          </params>
          <reporter-output>
          </reporter-output>
        </test-method> <!-- TC_02_CreateNewContactSuccessfully -->
        <test-method is-config="true" signature="closeDriver()[pri:0, instance:com.maantic.automation.tests.CreateContactTest@3e1fd62b]" started-at="2022-08-23T15:50:06 IST" name="closeDriver" finished-at="2022-08-23T15:50:06 IST" duration-ms="442" status="PASS">
          <reporter-output>
          </reporter-output>
        </test-method> <!-- closeDriver -->
        <test-method is-config="true" signature="initializeDriver(java.lang.String)[pri:0, instance:com.maantic.automation.tests.CreateContactTest@3e1fd62b]" started-at="2022-08-23T15:50:06 IST" name="initializeDriver" finished-at="2022-08-23T15:50:11 IST" duration-ms="4913" status="PASS">
          <params>
            <param index="0">
              <value>
                <![CDATA[chrome]]>
              </value>
            </param>
          </params>
          <reporter-output>
          </reporter-output>
        </test-method> <!-- initializeDriver -->
        <test-method retried="true" signature="TC_02_CreateNewContactSuccessfully(java.util.Map)[pri:2, instance:com.maantic.automation.tests.CreateContactTest@3e1fd62b]" started-at="2022-08-23T15:50:11 IST" name="TC_02_CreateNewContactSuccessfully" description="Verifying the contact is created successfully." data-provider="ExcelTestData" finished-at="2022-08-23T15:51:28 IST" duration-ms="76524" status="SKIP">
          <params>
            <param index="0">
              <value>
                <![CDATA[{Email=avinash.gupta@maantic.com, Prefix=Mr., LastName=Gupta_Test, TCName=TC_02_CreateNewContactSuccessfully, FirstName=Avinash_Test}]]>
              </value>
            </param>
          </params>
          <exception class="org.openqa.selenium.TimeoutException">
            <message>
              <![CDATA[Expected condition failed: waiting for visibility of element located by By.xpath: //span[contains(text(),'gopal.sutradhar@maantic.com')] (tried for 30 second(s) with 500 milliseconds interval)
Build info: version: '4.0.0', revision: '3a21814679'
System info: host: 'GOPALS', ip: '192.168.0.104', os.name: 'Windows 10', os.arch: 'amd64', os.version: '10.0', java.version: '18.0.1'
Driver info: org.openqa.selenium.chrome.ChromeDriver
Capabilities {acceptInsecureCerts: false, browserName: chrome, browserVersion: 104.0.5112.101, chrome: {chromedriverVersion: 104.0.5112.79 (3cf3e8c8a07d..., userDataDir: C:\Users\User\AppData\Local...}, goog:chromeOptions: {debuggerAddress: localhost:57607}, javascriptEnabled: true, networkConnectionEnabled: false, pageLoadStrategy: normal, platform: WINDOWS, platformName: WINDOWS, proxy: Proxy(), se:cdp: ws://localhost:57607/devtoo..., se:cdpVersion: 104.0.5112.101, setWindowRect: true, strictFileInteractability: false, timeouts: {implicit: 0, pageLoad: 300000, script: 30000}, unhandledPromptBehavior: dismiss and notify, webauthn:extension:credBlob: true, webauthn:extension:largeBlob: true, webauthn:virtualAuthenticators: true}
Session ID: e652ab623006e498a320841530234942]]>
            </message>
            <full-stacktrace>
              <![CDATA[org.openqa.selenium.TimeoutException: Expected condition failed: waiting for visibility of element located by By.xpath: //span[contains(text(),'gopal.sutradhar@maantic.com')] (tried for 30 second(s) with 500 milliseconds interval)
Build info: version: '4.0.0', revision: '3a21814679'
System info: host: 'GOPALS', ip: '192.168.0.104', os.name: 'Windows 10', os.arch: 'amd64', os.version: '10.0', java.version: '18.0.1'
Driver info: org.openqa.selenium.chrome.ChromeDriver
Capabilities {acceptInsecureCerts: false, browserName: chrome, browserVersion: 104.0.5112.101, chrome: {chromedriverVersion: 104.0.5112.79 (3cf3e8c8a07d..., userDataDir: C:\Users\User\AppData\Local...}, goog:chromeOptions: {debuggerAddress: localhost:57607}, javascriptEnabled: true, networkConnectionEnabled: false, pageLoadStrategy: normal, platform: WINDOWS, platformName: WINDOWS, proxy: Proxy(), se:cdp: ws://localhost:57607/devtoo..., se:cdpVersion: 104.0.5112.101, setWindowRect: true, strictFileInteractability: false, timeouts: {implicit: 0, pageLoad: 300000, script: 30000}, unhandledPromptBehavior: dismiss and notify, webauthn:extension:credBlob: true, webauthn:extension:largeBlob: true, webauthn:virtualAuthenticators: true}
Session ID: e652ab623006e498a320841530234942
at org.openqa.selenium.support.ui.WebDriverWait.timeoutException(WebDriverWait.java:138)
at org.openqa.selenium.support.ui.FluentWait.until(FluentWait.java:231)
at com.maantic.automation.utils.CommonUtils.waitForVisibilityOfElement(CommonUtils.java:87)
at com.maantic.automation.pages.ContactPage.isNewContactCreatedSuccessfully(ContactPage.java:38)
at com.maantic.automation.tests.CreateContactTest.TC_02_CreateNewContactSuccessfully(CreateContactTest.java:72)
at java.base/jdk.internal.reflect.DirectMethodHandleAccessor.invoke(DirectMethodHandleAccessor.java:104)
at java.base/java.lang.reflect.Method.invoke(Method.java:577)
at org.testng.internal.MethodInvocationHelper.invokeMethod(MethodInvocationHelper.java:133)
at org.testng.internal.TestInvoker.invokeMethod(TestInvoker.java:598)
at org.testng.internal.TestInvoker.invokeTestMethod(TestInvoker.java:173)
at org.testng.internal.MethodRunner.runInSequence(MethodRunner.java:46)
at org.testng.internal.TestInvoker$MethodInvocationAgent.invoke(TestInvoker.java:824)
at org.testng.internal.TestInvoker.invokeTestMethods(TestInvoker.java:146)
at org.testng.internal.TestMethodWorker.invokeTestMethods(TestMethodWorker.java:146)
at org.testng.internal.TestMethodWorker.run(TestMethodWorker.java:128)
at java.base/java.util.ArrayList.forEach(ArrayList.java:1511)
at org.testng.TestRunner.privateRun(TestRunner.java:794)
at org.testng.TestRunner.run(TestRunner.java:596)
at org.testng.SuiteRunner.runTest(SuiteRunner.java:377)
at org.testng.SuiteRunner.runSequentially(SuiteRunner.java:371)
at org.testng.SuiteRunner.privateRun(SuiteRunner.java:332)
at org.testng.SuiteRunner.run(SuiteRunner.java:276)
at org.testng.SuiteRunnerWorker.runSuite(SuiteRunnerWorker.java:53)
at org.testng.SuiteRunnerWorker.run(SuiteRunnerWorker.java:96)
at org.testng.TestNG.runSuitesSequentially(TestNG.java:1212)
at org.testng.TestNG.runSuitesLocally(TestNG.java:1134)
at org.testng.TestNG.runSuites(TestNG.java:1063)
at org.testng.TestNG.run(TestNG.java:1031)
at org.apache.maven.surefire.testng.TestNGExecutor.run(TestNGExecutor.java:281)
at org.apache.maven.surefire.testng.TestNGXmlTestSuite.execute(TestNGXmlTestSuite.java:75)
at org.apache.maven.surefire.testng.TestNGProvider.invoke(TestNGProvider.java:121)
at org.apache.maven.surefire.booter.ForkedBooter.invokeProviderInSameClassLoader(ForkedBooter.java:290)
at org.apache.maven.surefire.booter.ForkedBooter.runSuitesInProcess(ForkedBooter.java:242)
at org.apache.maven.surefire.booter.ForkedBooter.main(ForkedBooter.java:121)
]]>
            </full-stacktrace>
          </exception> <!-- org.openqa.selenium.TimeoutException -->
          <reporter-output>
          </reporter-output>
        </test-method> <!-- TC_02_CreateNewContactSuccessfully -->
        <test-method is-config="true" signature="closeDriver()[pri:0, instance:com.maantic.automation.tests.CreateContactTest@3e1fd62b]" started-at="2022-08-23T15:51:28 IST" name="closeDriver" finished-at="2022-08-23T15:51:29 IST" duration-ms="1399" status="PASS">
          <reporter-output>
          </reporter-output>
        </test-method> <!-- closeDriver -->
        <test-method is-config="true" signature="initializeDriver(java.lang.String)[pri:0, instance:com.maantic.automation.tests.CreateContactTest@3e1fd62b]" started-at="2022-08-23T15:51:29 IST" name="initializeDriver" finished-at="2022-08-23T15:51:34 IST" duration-ms="4758" status="PASS">
          <params>
            <param index="0">
              <value>
                <![CDATA[chrome]]>
              </value>
            </param>
          </params>
          <reporter-output>
          </reporter-output>
        </test-method> <!-- initializeDriver -->
        <test-method signature="TC_02_CreateNewContactSuccessfully(java.util.Map)[pri:2, instance:com.maantic.automation.tests.CreateContactTest@3e1fd62b]" started-at="2022-08-23T15:51:34 IST" name="TC_02_CreateNewContactSuccessfully" description="Verifying the contact is created successfully." data-provider="ExcelTestData" finished-at="2022-08-23T15:52:49 IST" duration-ms="75299" status="FAIL">
          <params>
            <param index="0">
              <value>
                <![CDATA[{Email=avinash.gupta@maantic.com, Prefix=Mr., LastName=Gupta_Test, TCName=TC_02_CreateNewContactSuccessfully, FirstName=Avinash_Test}]]>
              </value>
            </param>
          </params>
          <exception class="org.openqa.selenium.TimeoutException">
            <message>
              <![CDATA[Expected condition failed: waiting for visibility of element located by By.xpath: //span[contains(text(),'gopal.sutradhar@maantic.com')] (tried for 30 second(s) with 500 milliseconds interval)
Build info: version: '4.0.0', revision: '3a21814679'
System info: host: 'GOPALS', ip: '192.168.0.104', os.name: 'Windows 10', os.arch: 'amd64', os.version: '10.0', java.version: '18.0.1'
Driver info: org.openqa.selenium.chrome.ChromeDriver
Capabilities {acceptInsecureCerts: false, browserName: chrome, browserVersion: 104.0.5112.101, chrome: {chromedriverVersion: 104.0.5112.79 (3cf3e8c8a07d..., userDataDir: C:\Users\User\AppData\Local...}, goog:chromeOptions: {debuggerAddress: localhost:57738}, javascriptEnabled: true, networkConnectionEnabled: false, pageLoadStrategy: normal, platform: WINDOWS, platformName: WINDOWS, proxy: Proxy(), se:cdp: ws://localhost:57738/devtoo..., se:cdpVersion: 104.0.5112.101, setWindowRect: true, strictFileInteractability: false, timeouts: {implicit: 0, pageLoad: 300000, script: 30000}, unhandledPromptBehavior: dismiss and notify, webauthn:extension:credBlob: true, webauthn:extension:largeBlob: true, webauthn:virtualAuthenticators: true}
Session ID: 20e1f6dffb1b1bac28dbc93b610eafb2]]>
            </message>
            <full-stacktrace>
              <![CDATA[org.openqa.selenium.TimeoutException: Expected condition failed: waiting for visibility of element located by By.xpath: //span[contains(text(),'gopal.sutradhar@maantic.com')] (tried for 30 second(s) with 500 milliseconds interval)
Build info: version: '4.0.0', revision: '3a21814679'
System info: host: 'GOPALS', ip: '192.168.0.104', os.name: 'Windows 10', os.arch: 'amd64', os.version: '10.0', java.version: '18.0.1'
Driver info: org.openqa.selenium.chrome.ChromeDriver
Capabilities {acceptInsecureCerts: false, browserName: chrome, browserVersion: 104.0.5112.101, chrome: {chromedriverVersion: 104.0.5112.79 (3cf3e8c8a07d..., userDataDir: C:\Users\User\AppData\Local...}, goog:chromeOptions: {debuggerAddress: localhost:57738}, javascriptEnabled: true, networkConnectionEnabled: false, pageLoadStrategy: normal, platform: WINDOWS, platformName: WINDOWS, proxy: Proxy(), se:cdp: ws://localhost:57738/devtoo..., se:cdpVersion: 104.0.5112.101, setWindowRect: true, strictFileInteractability: false, timeouts: {implicit: 0, pageLoad: 300000, script: 30000}, unhandledPromptBehavior: dismiss and notify, webauthn:extension:credBlob: true, webauthn:extension:largeBlob: true, webauthn:virtualAuthenticators: true}
Session ID: 20e1f6dffb1b1bac28dbc93b610eafb2
at org.openqa.selenium.support.ui.WebDriverWait.timeoutException(WebDriverWait.java:138)
at org.openqa.selenium.support.ui.FluentWait.until(FluentWait.java:231)
at com.maantic.automation.utils.CommonUtils.waitForVisibilityOfElement(CommonUtils.java:87)
at com.maantic.automation.pages.ContactPage.isNewContactCreatedSuccessfully(ContactPage.java:38)
at com.maantic.automation.tests.CreateContactTest.TC_02_CreateNewContactSuccessfully(CreateContactTest.java:72)
at java.base/jdk.internal.reflect.DirectMethodHandleAccessor.invoke(DirectMethodHandleAccessor.java:104)
at java.base/java.lang.reflect.Method.invoke(Method.java:577)
at org.testng.internal.MethodInvocationHelper.invokeMethod(MethodInvocationHelper.java:133)
at org.testng.internal.TestInvoker.invokeMethod(TestInvoker.java:598)
at org.testng.internal.TestInvoker.retryFailed(TestInvoker.java:213)
at org.testng.internal.MethodRunner.runInSequence(MethodRunner.java:58)
at org.testng.internal.TestInvoker$MethodInvocationAgent.invoke(TestInvoker.java:824)
at org.testng.internal.TestInvoker.invokeTestMethods(TestInvoker.java:146)
at org.testng.internal.TestMethodWorker.invokeTestMethods(TestMethodWorker.java:146)
at org.testng.internal.TestMethodWorker.run(TestMethodWorker.java:128)
at java.base/java.util.ArrayList.forEach(ArrayList.java:1511)
at org.testng.TestRunner.privateRun(TestRunner.java:794)
at org.testng.TestRunner.run(TestRunner.java:596)
at org.testng.SuiteRunner.runTest(SuiteRunner.java:377)
at org.testng.SuiteRunner.runSequentially(SuiteRunner.java:371)
at org.testng.SuiteRunner.privateRun(SuiteRunner.java:332)
at org.testng.SuiteRunner.run(SuiteRunner.java:276)
at org.testng.SuiteRunnerWorker.runSuite(SuiteRunnerWorker.java:53)
at org.testng.SuiteRunnerWorker.run(SuiteRunnerWorker.java:96)
at org.testng.TestNG.runSuitesSequentially(TestNG.java:1212)
at org.testng.TestNG.runSuitesLocally(TestNG.java:1134)
at org.testng.TestNG.runSuites(TestNG.java:1063)
at org.testng.TestNG.run(TestNG.java:1031)
at org.apache.maven.surefire.testng.TestNGExecutor.run(TestNGExecutor.java:281)
at org.apache.maven.surefire.testng.TestNGXmlTestSuite.execute(TestNGXmlTestSuite.java:75)
at org.apache.maven.surefire.testng.TestNGProvider.invoke(TestNGProvider.java:121)
at org.apache.maven.surefire.booter.ForkedBooter.invokeProviderInSameClassLoader(ForkedBooter.java:290)
at org.apache.maven.surefire.booter.ForkedBooter.runSuitesInProcess(ForkedBooter.java:242)
at org.apache.maven.surefire.booter.ForkedBooter.main(ForkedBooter.java:121)
]]>
            </full-stacktrace>
          </exception> <!-- org.openqa.selenium.TimeoutException -->
          <reporter-output>
          </reporter-output>
        </test-method> <!-- TC_02_CreateNewContactSuccessfully -->
        <test-method is-config="true" signature="closeDriver()[pri:0, instance:com.maantic.automation.tests.CreateContactTest@3e1fd62b]" started-at="2022-08-23T15:52:50 IST" name="closeDriver" finished-at="2022-08-23T15:52:50 IST" duration-ms="458" status="PASS">
          <reporter-output>
          </reporter-output>
        </test-method> <!-- closeDriver -->
      </class> <!-- com.maantic.automation.tests.CreateContactTest -->
    </test> <!-- Pega Demo - Automation Test -->
  </suite> <!-- Pega Demo - Automation -->
</testng-results>
